[INFO  - 2017-04-21T09:46:00.245Z] GhostDriver - Main - running on port 16787
[INFO  - 2017-04-21T09:46:00.869Z] Session [53e575c0-2677-11e7-8fb7-43d721f428a3] - page.settings - {"XSSAuditingEnabled":false,"javascriptCanCloseWindows":true,"javascriptCanOpenWindows":true,"javascriptEnabled":true,"loadImages":false,"localToRemoteUrlAccessEnabled":false,"userAgent":"Mozilla/5.0 (Windows NT 6.2; WOW64) AppleWebKit/538.1 (KHTML, like Gecko) PhantomJS/2.1.1 Safari/538.1","webSecurityEnabled":false}
[INFO  - 2017-04-21T09:46:00.870Z] Session [53e575c0-2677-11e7-8fb7-43d721f428a3] - page.customHeaders:  - {}
[INFO  - 2017-04-21T09:46:00.870Z] Session [53e575c0-2677-11e7-8fb7-43d721f428a3] - Session.negotiatedCapabilities - {"browserName":"phantomjs","version":"2.1.1","driverName":"ghostdriver","driverVersion":"1.2.0","platform":"windows-10-32bit","javascriptEnabled":true,"takesScreenshot":false,"handlesAlerts":false,"databaseEnabled":false,"locationContextEnabled":false,"applicationCacheEnabled":false,"browserConnectionEnabled":false,"cssSelectorsEnabled":true,"webStorageEnabled":false,"rotatable":false,"acceptSslCerts":false,"nativeEvents":true,"proxy":{"proxyType":"direct"}}
[INFO  - 2017-04-21T09:46:00.871Z] SessionManagerReqHand - _postNewSessionCommand - New Session Created: 53e575c0-2677-11e7-8fb7-43d721f428a3
[INFO  - 2017-04-21T09:51:00.244Z] SessionManagerReqHand - _cleanupWindowlessSessions - Asynchronous Sessions clean-up phase starting NOW
[INFO  - 2017-04-21T09:56:00.278Z] SessionManagerReqHand - _cleanupWindowlessSessions - Asynchronous Sessions clean-up phase starting NOW
e7-9b88-57c261a88441] - page.settings - {"XSSAuditingEnabled":false,"javascriptCanCloseWindows":true,"javascriptCanOpenWindows":true,"javascriptEnabled":true,"loadImages":false,"localToRemoteUrlAccessEnabled":false,"userAgent":"Mozilla/5.0 (Windows NT 6.2; WOW64) AppleWebKit/538.1 (KHTML, like Gecko) PhantomJS/2.1.1 Safari/538.1","webSecurityEnabled":false}
[INFO  - 2017-04-21T09:51:24.986Z] Session [15161830-2678-11e7-9b88-57c261a88441] - page.customHeaders:  - {}
[INFO  - 2017-04-21T09:51:24.986Z] Session [15161830-2678-11e7-9b88-57c261a88441] - Session.negotiatedCapabilities - {"browserName":"phantomjs","version":"2.1.1","driverName":"ghostdriver","driverVersion":"1.2.0","platform":"windows-10-32bit","javascriptEnabled":true,"takesScreenshot":false,"handlesAlerts":false,"databaseEnabled":false,"locationContextEnabled":false,"applicationCacheEnabled":false,"browserConnectionEnabled":false,"cssSelectorsEnabled":true,"webStorageEnabled":false,"rotatable":false,"acceptSslCerts":false,"nativeEvents":true,"proxy":{"proxyType":"direct"}}
[INFO  - 2017-04-21T09:51:24.986Z] SessionManagerReqHand - _postNewSessionCommand - New Session Created: 15161830-2678-11e7-9b88-57c261a88441
[INFO  - 2017-04-21T09:56:24.321Z] SessionManagerReqHand - _cleanupWindowlessSessions - Asynchronous Sessions clean-up phase starting NOW
e7-9a79-bd1c68149183] - page.settings - {"XSSAuditingEnabled":false,"javascriptCanCloseWindows":true,"javascriptCanOpenWindows":true,"javascriptEnabled":true,"loadImages":false,"localToRemoteUrlAccessEnabled":false,"userAgent":"Mozilla/5.0 (Windows NT 6.2; WOW64) AppleWebKit/538.1 (KHTML, like Gecko) PhantomJS/2.1.1 Safari/538.1","webSecurityEnabled":false}
[INFO  - 2017-04-21T09:52:09.050Z] Session [2f59ba30-2678-11e7-9a79-bd1c68149183] - page.customHeaders:  - {}
[INFO  - 2017-04-21T09:52:09.050Z] Session [2f59ba30-2678-11e7-9a79-bd1c68149183] - Session.negotiatedCapabilities - {"browserName":"phantomjs","version":"2.1.1","driverName":"ghostdriver","driverVersion":"1.2.0","platform":"windows-10-32bit","javascriptEnabled":true,"takesScreenshot":true,"handlesAlerts":false,"databaseEnabled":false,"locationContextEnabled":false,"applicationCacheEnabled":false,"browserConnectionEnabled":false,"cssSelectorsEnabled":true,"webStorageEnabled":false,"rotatable":false,"acceptSslCerts":false,"nativeEvents":true,"proxy":{"proxyType":"direct"}}
[INFO  - 2017-04-21T09:52:09.050Z] SessionManagerReqHand - _postNewSessionCommand - New Session Created: 2f59ba30-2678-11e7-9a79-bd1c68149183
[INFO  - 2017-04-21T09:57:08.439Z] SessionManagerReqHand - _cleanupWindowlessSessions - Asynchronous Sessions clean-up phase starting NOW
[INFO  - 2017-04-21T10:00:14.332Z] GhostDriver - Main - running on port 35373
[INFO  - 2017-04-21T10:00:14.966Z] Session [50faee10-2679-11e7-b28f-7d4432698798] - page.settings - {"XSSAuditingEnabled":false,"javascriptCanCloseWindows":true,"javascriptCanOpenWindows":true,"javascriptEnabled":true,"loadImages":false,"localToRemoteUrlAccessEnabled":false,"userAgent":"Mozilla/5.0 (Windows NT 6.2; WOW64) AppleWebKit/538.1 (KHTML, like Gecko) PhantomJS/2.1.1 Safari/538.1","webSecurityEnabled":true}
[INFO  - 2017-04-21T10:00:14.967Z] Session [50faee10-2679-11e7-b28f-7d4432698798] - page.customHeaders:  - {}
[INFO  - 2017-04-21T10:00:14.967Z] Session [50faee10-2679-11e7-b28f-7d4432698798] - Session.negotiatedCapabilities - {"browserName":"phantomjs","version":"2.1.1","driverName":"ghostdriver","driverVersion":"1.2.0","platform":"windows-10-32bit","javascriptEnabled":true,"takesScreenshot":true,"handlesAlerts":false,"databaseEnabled":false,"locationContextEnabled":false,"applicationCacheEnabled":false,"browserConnectionEnabled":false,"cssSelectorsEnabled":true,"webStorageEnabled":false,"rotatable":false,"acceptSslCerts":false,"nativeEvents":true,"proxy":{"proxyType":"direct"}}
[INFO  - 2017-04-21T10:00:14.967Z] SessionManagerReqHand - _postNewSessionCommand - New Session Created: 50faee10-2679-11e7-b28f-7d4432698798
[INFO  - 2017-04-21T10:05:14.333Z] SessionManagerReqHand - _cleanupWindowlessSessions - Asynchronous Sessions clean-up phase starting NOW
[INFO  - 2017-04-21T10:10:14.330Z] SessionManagerReqHand - _cleanupWindowlessSessions - Asynchronous Sessions clean-up phase starting NOW
